<?xml version="1.0" encoding="UTF-8"?>
<testsuites name="New Test Suite" time="9.254" tests="1" failures="0" errors="0">
   <testsuite name="New Test Suite" tests="1" failures="0" errors="0" time="9.254" skipped="0" timestamp="28-03-2024T12:02:04" hostname="1910 - LAPTOP-0K3QVKUD" id="Test Suites/New Test Suite">
      <properties>
         <property name="deviceName" value=""/>
         <property name="devicePlatform" value=""/>
         <property name="logFolder" value="C:\\Users\\1910\\git\\test_katalon\\Reports\\20240328_120156\\New Test Suite\\20240328_120156"/>
         <property name="logFiles" value="C:\\Users\\1910\\git\\test_katalon\\Reports\\20240328_120156\\New Test Suite\\20240328_120156\\execution0.log"/>
         <property name="attachments" value=""/>
         <property name="hostName" value="1910 - LAPTOP-0K3QVKUD"/>
         <property name="os" value="Windows 11 64bit"/>
         <property name="katalonVersion" value="9.3.2.212"/>
         <property name="browser" value="Chrome 123.0.0.0"/>
         <property name="hostAddress" value="192.168.10.191"/>
         <property name="sessionId" value="2fbef21a9a714e47fc87713c81361b5b"/>
         <property name="seleniumVersion" value="3.141.59"/>
         <property name="proxyInformation" value="ProxyInformation { proxyOption=NO_PROXY, proxyServerType=HTTP, username=, password=********, proxyServerAddress=, proxyServerPort=0, executionList=&quot;&quot;, isApplyToDesiredCapabilities=true }"/>
         <property name="platform" value="Windows 11"/>
      </properties>
      <testcase name="Test Cases/test_website_use_git" time="8.9" classname="Test Cases/test_website_use_git" status="PASSED">
         <system-out><![CDATA[28-03-2024T12:02:04 - [TEST_CASE][PASSED] - Test Cases/test_website_use_git: Test Cases/test_website_use_git

28-03-2024T12:02:04 - [TEST_STEP][PASSED] - openBrowser(""): Browser is opened with url: ''

28-03-2024T12:02:05 - [MESSAGE][INFO] - Starting 'Chrome' driver

28-03-2024T12:02:05 - [MESSAGE][INFO] - Action delay is set to 0 milliseconds

28-03-2024T12:02:07 - [MESSAGE][PASSED] - Browser is opened with url: ''

28-03-2024T12:02:07 - [TEST_STEP][PASSED] - closeBrowser(): Browser is closed

28-03-2024T12:02:07 - [MESSAGE][PASSED] - Browser is closed

28-03-2024T12:02:07 - [TEST_STEP][PASSED] - openBrowser(""): Browser is opened with url: ''

28-03-2024T12:02:07 - [MESSAGE][INFO] - Starting 'Chrome' driver

28-03-2024T12:02:07 - [MESSAGE][INFO] - Action delay is set to 0 milliseconds

28-03-2024T12:02:08 - [MESSAGE][PASSED] - Browser is opened with url: ''

28-03-2024T12:02:08 - [TEST_STEP][PASSED] - navigateToUrl("https://www.google.com/"): Navigate to 'https://www.google.com/' successfully

28-03-2024T12:02:12 - [MESSAGE][PASSED] - Navigate to 'https://www.google.com/' successfully

28-03-2024T12:02:12 - [TEST_STEP][PASSED] - setText(findTestObject("Object Repository/katalon_test_git_google/Page_Google/textarea_Login_q"), "katalon"): Text 'katalon' is set on object 'Object Repository/katalon_test_git_google/Page_Google/textarea_Login_q'

28-03-2024T12:02:12 - [MESSAGE][PASSED] - Text 'katalon' is set on object 'Object Repository/katalon_test_git_google/Page_Google/textarea_Login_q'

28-03-2024T12:02:12 - [TEST_STEP][PASSED] - closeBrowser(): Browser is closed

28-03-2024T12:02:13 - [MESSAGE][PASSED] - Browser is closed]]></system-out>
         <system-err><![CDATA[]]></system-err>
      </testcase>
      <system-out><![CDATA[28-03-2024T12:02:04 - [TEST_SUITE][PASSED] - New Test Suite: Test Cases/test_website_use_git]]></system-out>
      <system-err><![CDATA[]]></system-err>
   </testsuite>
</testsuites>
